<?xml version="1.0" encoding="UTF-8"?>
<testng-results ignored="0" total="1" passed="1" failed="0" skipped="0">
  <reporter-output>
  </reporter-output>
  <suite started-at="2023-03-19T22:36:54 MDT" name="Default suite" finished-at="2023-03-19T22:36:57 MDT" duration-ms="2352">
    <groups>
    </groups>
    <test started-at="2023-03-19T22:36:54 MDT" name="Default test" finished-at="2023-03-19T22:36:57 MDT" duration-ms="2352">
      <class name="GetAllIncidents">
        <test-method signature="getIncidents()[pri:0, instance:GetAllIncidents@26275bef]" started-at="2023-03-19T22:36:54 MDT" name="getIncidents" finished-at="2023-03-19T22:36:57 MDT" duration-ms="2315" status="PASS">
          <reporter-output>
          </reporter-output>
        </test-method> <!-- getIncidents -->
      </class> <!-- GetAllIncidents -->
    </test> <!-- Default test -->
  </suite> <!-- Default suite -->
</testng-results>
